<?xml version="1.0" encoding="UTF-8"?>
<!-- Generated by org.testng.reporters.JUnitReportReporter -->
<testsuite hostname="DESKTOP-LHLD9RJ" failures="0" tests="1" name="testClassPackage.POST_TC_1" time="3.615" errors="0" timestamp="2023-05-23T21:37:45 IST" skipped="0">
  <testcase classname="testClassPackage.POST_TC_1" name="execute" time="3.615"/>
  <system-out/>
</testsuite> <!-- testClassPackage.POST_TC_1 -->
