<?xml version="1.0" encoding="UTF-8"?>
<!-- Generated by org.testng.reporters.JUnitReportReporter -->
<testsuite hostname="DESKTOP-LHLD9RJ" failures="0" tests="1" name="testClassPackage.POST_TC_2" time="1.230" errors="0" timestamp="2023-05-23T21:37:45 IST" skipped="0">
  <testcase classname="testClassPackage.POST_TC_2" name="execute" time="1.230"/>
  <system-out/>
</testsuite> <!-- testClassPackage.POST_TC_2 -->
